nohup: ignoring input
| distributed init (rank 0): tcp://localhost:17801
| distributed init (rank 2): tcp://localhost:17801
| distributed init (rank 1): tcp://localhost:17801
Namespace(adam_betas='(0.9, 0.98)', adam_eps=1e-08, adaptive_softmax_cutoff=None, arch='transformer', attention_dropout=0.0, clip_norm=0.0, criterion='label_smoothed_cross_entropy', data='/data/mmyin/data-raw/transformer/ch-en', decoder_attention_heads=8, decoder_embed_dim=512, decoder_embed_path=None, decoder_ffn_embed_dim=2048, decoder_layers=6, decoder_learned_pos=False, decoder_normalize_before=False, device_id=0, distributed_backend='nccl', distributed_init_method='tcp://localhost:17801', distributed_port=-1, distributed_rank=0, distributed_world_size=3, dropout=0.3, encoder_attention_heads=8, encoder_embed_dim=512, encoder_embed_path=None, encoder_ffn_embed_dim=2048, encoder_layers=6, encoder_learned_pos=False, encoder_normalize_before=False, fp16=False, keep_interval_updates=-1, label_smoothing=0.1, left_pad_source='True', left_pad_target='False', log_format=None, log_interval=1000, lr=[0.0005], lr_scheduler='inverse_sqrt', lr_shrink=0.1, max_epoch=0, max_sentences=None, max_sentences_valid=None, max_source_positions=1024, max_target_positions=1024, max_tokens=4300, max_update=0, min_loss_scale=0.0001, min_lr=1e-09, momentum=0.99, no_epoch_checkpoints=False, no_progress_bar=False, no_save=False, no_token_positional_embeddings=False, optimizer='adam', raw_text=True, relu_dropout=0.0, restore_file='checkpoint_last.pt', save_dir='checkpoints/transformer', save_interval=1, save_interval_updates=0, seed=1, sentence_avg=False, share_all_embeddings=True, share_decoder_input_output_embed=False, skip_invalid_size_inputs_valid_test=False, source_lang='ch', target_lang='en', task='translation', train_subset='train', update_freq=[32], valid_subset='valid', validate_interval=1, warmup_init_lr=1e-07, warmup_updates=4000, weight_decay=0.0)
| [ch] dictionary: 30000 types
| [en] dictionary: 30000 types
| /data/mmyin/data-raw/transformer/ch-en train 1252977 examples
| /data/mmyin/data-raw/transformer/ch-en valid 1664 examples
| model transformer, criterion LabelSmoothedCrossEntropyCriterion
| num. model params: 59498496
| training on 3 GPUs
| max tokens per GPU = 4300 and max sentences per GPU = None
| loaded checkpoint checkpoints/transformer/checkpoint_last.pt (epoch 125 @ 8625 updates)
| epoch 125 | loss 4.538 | nll_loss 2.951 | ppl 7.73 | wps 28 | ups 0.0 | wpb 374232 | bsz 13447 | num_updates 8648 | lr 0.00034005 | gnorm 0.026 | clip 100% | oom 0 | wall 382575
| epoch 125 | valid on 'valid' subset | valid_loss 5.60891 | valid_nll_loss 4.09089 | valid_ppl 17.04 | num_updates 8648 | best 5.54412
| epoch 126:   1000 / 2969 loss=4.543, nll_loss=2.957, ppl=7.77, wps=45398, ups=0.1, wpb=396303, bsz=13788, num_updates=8679, lr=0.000339442, gnorm=0.026, clip=100%, oom=0, wall=382846
| epoch 126:   2000 / 2969 loss=4.538, nll_loss=2.952, ppl=7.74, wps=47289, ups=0.1, wpb=390674, bsz=13712, num_updates=8710, lr=0.000338837, gnorm=0.026, clip=100%, oom=0, wall=383088
| epoch 126 | loss 4.544 | nll_loss 2.959 | ppl 7.78 | wps 47605 | ups 0.1 | wpb 388845 | bsz 13621 | num_updates 8740 | lr 0.000338255 | gnorm 0.026 | clip 100% | oom 0 | wall 383327
| epoch 126 | valid on 'valid' subset | valid_loss 5.61008 | valid_nll_loss 4.09406 | valid_ppl 17.08 | num_updates 8740 | best 5.54412
| epoch 127:   1000 / 2969 loss=4.531, nll_loss=2.945, ppl=7.70, wps=45826, ups=0.1, wpb=395018, bsz=14069, num_updates=8771, lr=0.000337657, gnorm=0.026, clip=100%, oom=0, wall=383594
| epoch 127:   2000 / 2969 loss=4.537, nll_loss=2.952, ppl=7.74, wps=47443, ups=0.1, wpb=390005, bsz=13740, num_updates=8802, lr=0.000337062, gnorm=0.026, clip=100%, oom=0, wall=383837
| epoch 127 | loss 4.533 | nll_loss 2.947 | ppl 7.71 | wps 47706 | ups 0.1 | wpb 388617 | bsz 13627 | num_updates 8832 | lr 0.000336489 | gnorm 0.026 | clip 100% | oom 0 | wall 384076
| epoch 127 | valid on 'valid' subset | valid_loss 5.64216 | valid_nll_loss 4.12432 | valid_ppl 17.44 | num_updates 8832 | best 5.54412
| epoch 128:   1000 / 2969 loss=4.509, nll_loss=2.919, ppl=7.56, wps=41943, ups=0.1, wpb=395857, bsz=13990, num_updates=8863, lr=0.0003359, gnorm=0.026, clip=100%, oom=0, wall=384369
| epoch 128:   2000 / 2969 loss=4.520, nll_loss=2.932, ppl=7.63, wps=45336, ups=0.1, wpb=390466, bsz=13647, num_updates=8894, lr=0.000335314, gnorm=0.026, clip=100%, oom=0, wall=384610
| epoch 128 | loss 4.523 | nll_loss 2.936 | ppl 7.65 | wps 46210 | ups 0.1 | wpb 388734 | bsz 13607 | num_updates 8924 | lr 0.00033475 | gnorm 0.026 | clip 100% | oom 0 | wall 384850
| epoch 128 | valid on 'valid' subset | valid_loss 5.5862 | valid_nll_loss 4.07022 | valid_ppl 16.80 | num_updates 8924 | best 5.54412
| epoch 129:   1000 / 2969 loss=4.530, nll_loss=2.944, ppl=7.70, wps=44424, ups=0.1, wpb=394458, bsz=13687, num_updates=8955, lr=0.00033417, gnorm=0.026, clip=100%, oom=0, wall=385126
| epoch 129:   2000 / 2969 loss=4.530, nll_loss=2.944, ppl=7.70, wps=46761, ups=0.1, wpb=389794, bsz=13593, num_updates=8986, lr=0.000333593, gnorm=0.026, clip=100%, oom=0, wall=385367
| epoch 129 | loss 4.523 | nll_loss 2.936 | ppl 7.65 | wps 47222 | ups 0.1 | wpb 388703 | bsz 13632 | num_updates 9016 | lr 0.000333037 | gnorm 0.026 | clip 100% | oom 0 | wall 385608
| epoch 129 | valid on 'valid' subset | valid_loss 5.58293 | valid_nll_loss 4.07254 | valid_ppl 16.83 | num_updates 9016 | best 5.54412
| epoch 130:   1000 / 2969 loss=4.509, nll_loss=2.921, ppl=7.58, wps=44782, ups=0.1, wpb=395694, bsz=13974, num_updates=9047, lr=0.000332466, gnorm=0.025, clip=100%, oom=0, wall=385881
| epoch 130:   2000 / 2969 loss=4.514, nll_loss=2.927, ppl=7.60, wps=46966, ups=0.1, wpb=390609, bsz=13813, num_updates=9078, lr=0.000331898, gnorm=0.025, clip=100%, oom=0, wall=386123
| epoch 130 | loss 4.516 | nll_loss 2.930 | ppl 7.62 | wps 47352 | ups 0.1 | wpb 388722 | bsz 13614 | num_updates 9108 | lr 0.000331351 | gnorm 0.025 | clip 100% | oom 0 | wall 386363
| epoch 130 | valid on 'valid' subset | valid_loss 5.58023 | valid_nll_loss 4.05316 | valid_ppl 16.60 | num_updates 9108 | best 5.54412
| epoch 131:   1000 / 2969 loss=4.505, nll_loss=2.916, ppl=7.55, wps=45587, ups=0.1, wpb=395692, bsz=13865, num_updates=9139, lr=0.000330789, gnorm=0.025, clip=100%, oom=0, wall=386632
| epoch 131:   2000 / 2969 loss=4.505, nll_loss=2.916, ppl=7.55, wps=47379, ups=0.1, wpb=390402, bsz=13708, num_updates=9170, lr=0.000330229, gnorm=0.025, clip=100%, oom=0, wall=386874
| epoch 131 | loss 4.506 | nll_loss 2.917 | ppl 7.55 | wps 47650 | ups 0.1 | wpb 388791 | bsz 13610 | num_updates 9200 | lr 0.00032969 | gnorm 0.025 | clip 100% | oom 0 | wall 387113
| epoch 131 | valid on 'valid' subset | valid_loss 5.59586 | valid_nll_loss 4.07454 | valid_ppl 16.85 | num_updates 9200 | best 5.54412
| epoch 132:   1000 / 2969 loss=4.505, nll_loss=2.917, ppl=7.55, wps=44496, ups=0.1, wpb=395104, bsz=14008, num_updates=9231, lr=0.000329136, gnorm=0.025, clip=100%, oom=0, wall=387389
| epoch 132:   2000 / 2969 loss=4.508, nll_loss=2.920, ppl=7.57, wps=46761, ups=0.1, wpb=390144, bsz=13706, num_updates=9262, lr=0.000328585, gnorm=0.025, clip=100%, oom=0, wall=387631
